  bellman_ssum.cpp
  bringmann_ssum.cpp
C:\Users\user\Documents\studies\вкр\code\cpp_implementations\cpp_implementations\bringmann_ssum.cpp(46,15): warning C4244: 'initializing': conversion from 'double' to 'int', possible loss of data
C:\Users\user\Documents\studies\вкр\code\cpp_implementations\cpp_implementations\bringmann_ssum.cpp(54,40): warning C4244: '+=': conversion from 'unsigned __int64' to 'int', possible loss of data
C:\Users\user\Documents\studies\вкр\code\cpp_implementations\cpp_implementations\bringmann_ssum.cpp(98,15): warning C4244: 'initializing': conversion from 'double' to 'int', possible loss of data
C:\Users\user\Documents\studies\вкр\code\cpp_implementations\cpp_implementations\bringmann_ssum.cpp(112,8): warning C4244: 'argument': conversion from 'double' to 'int', possible loss of data
C:\Users\user\Documents\studies\вкр\code\cpp_implementations\cpp_implementations\bringmann_ssum.cpp(111,8): warning C4244: 'argument': conversion from 'double' to 'int', possible loss of data
C:\Users\user\Documents\studies\вкр\code\cpp_implementations\cpp_implementations\bringmann_ssum.cpp(123,40): warning C4244: '+=': conversion from 'unsigned __int64' to 'int', possible loss of data
C:\Users\user\Documents\studies\вкр\code\cpp_implementations\cpp_implementations\bringmann_ssum.cpp(133,116): warning C4244: 'argument': conversion from 'double' to 'int', possible loss of data
C:\Users\user\Documents\studies\вкр\code\cpp_implementations\cpp_implementations\bringmann_ssum.cpp(171,17): warning C4244: 'initializing': conversion from 'double' to 'int', possible loss of data
C:\Users\user\Documents\studies\вкр\code\cpp_implementations\cpp_implementations\bringmann_ssum.cpp(199,56): warning C4244: 'argument': conversion from 'double' to 'int', possible loss of data
  koiliaris_xu_ssum.cpp
C:\Users\user\Documents\studies\вкр\code\cpp_implementations\cpp_implementations\koiliaris_xu_ssum.cpp(87,33): warning C4267: 'initializing': conversion from 'size_t' to 'int', possible loss of data
C:\Users\user\Documents\studies\вкр\code\cpp_implementations\cpp_implementations\koiliaris_xu_ssum.cpp(120,12): warning C4244: 'initializing': conversion from 'double' to 'int', possible loss of data
C:\Users\user\Documents\studies\вкр\code\cpp_implementations\cpp_implementations\koiliaris_xu_ssum.cpp(142,33): warning C4267: 'initializing': conversion from 'size_t' to 'int', possible loss of data
C:\Users\user\Documents\studies\вкр\code\cpp_implementations\cpp_implementations\koiliaris_xu_ssum.cpp(169,16): warning C4244: 'initializing': conversion from 'double' to 'int', possible loss of data
C:\Users\user\Documents\studies\вкр\code\cpp_implementations\cpp_implementations\koiliaris_xu_ssum.cpp(177,18): warning C4244: 'initializing': conversion from 'double' to 'int', possible loss of data
C:\Users\user\Documents\studies\вкр\code\cpp_implementations\cpp_implementations\koiliaris_xu_ssum.cpp(182,23): warning C4244: '=': conversion from 'double' to 'int', possible loss of data
  main.cpp
C:\Users\user\Documents\studies\вкр\code\cpp_implementations\cpp_implementations\main.cpp(14,13): warning C4326: return type of 'main' should be 'int' instead of 'void'
C:\Users\user\Documents\studies\вкр\code\cpp_implementations\cpp_implementations\main.cpp(117,12): warning C4244: 'argument': conversion from 'time_t' to 'unsigned int', possible loss of data
  minkowski_sum.cpp
C:\Users\user\Documents\studies\вкр\code\cpp_implementations\cpp_implementations\minkowski_sum.cpp(11,26): warning C4267: 'initializing': conversion from 'size_t' to 'int', possible loss of data
C:\Users\user\Documents\studies\вкр\code\cpp_implementations\cpp_implementations\minkowski_sum.cpp(12,26): warning C4267: 'initializing': conversion from 'size_t' to 'int', possible loss of data
C:\Users\user\Documents\studies\вкр\code\cpp_implementations\cpp_implementations\minkowski_sum.cpp(16,8): warning C4244: 'initializing': conversion from 'double' to 'int', possible loss of data
C:\Users\user\Documents\studies\вкр\code\cpp_implementations\cpp_implementations\minkowski_sum.cpp(71,15): warning C4244: '=': conversion from 'double' to '_Ty', possible loss of data
          with
          [
              _Ty=int
          ]
C:\Users\user\Documents\studies\вкр\code\cpp_implementations\cpp_implementations\minkowski_sum.cpp(167,57): warning C4267: 'initializing': conversion from 'size_t' to 'int', possible loss of data
C:\Users\user\Documents\studies\вкр\code\cpp_implementations\cpp_implementations\minkowski_sum.cpp(168,57): warning C4267: 'initializing': conversion from 'size_t' to 'int', possible loss of data
C:\Users\user\Documents\studies\вкр\code\cpp_implementations\cpp_implementations\minkowski_sum.cpp(169,8): warning C4244: 'initializing': conversion from 'double' to 'int', possible loss of data
C:\Users\user\Documents\studies\вкр\code\cpp_implementations\cpp_implementations\minkowski_sum.cpp(264,19): warning C4244: '=': conversion from 'double' to '_Ty', possible loss of data
          with
          [
              _Ty=int
          ]
  n_choose_k.cpp
  Generating Code...
minkowski_sum.obj : error LNK2019: unresolved external symbol __imp_fftw_execute referenced in function "class std::vector<int,class std::allocator<int> > __cdecl fft_polymul(class std::vector<int,class std::allocator<int> > const &,class std::vector<int,class std::allocator<int> > const &)" (?fft_polymul@@YA?AV?$vector@HV?$allocator@H@std@@@std@@AEBV12@0@Z)
minkowski_sum.obj : error LNK2019: unresolved external symbol __imp_fftw_plan_dft_1d referenced in function "class std::vector<int,class std::allocator<int> > __cdecl fft_polymul(class std::vector<int,class std::allocator<int> > const &,class std::vector<int,class std::allocator<int> > const &)" (?fft_polymul@@YA?AV?$vector@HV?$allocator@H@std@@@std@@AEBV12@0@Z)
minkowski_sum.obj : error LNK2019: unresolved external symbol __imp_fftw_plan_dft_2d referenced in function "class std::vector<class std::vector<int,class std::allocator<int> >,class std::allocator<class std::vector<int,class std::allocator<int> > > > __cdecl fft_polymul_2d(class std::vector<class std::vector<int,class std::allocator<int> >,class std::allocator<class std::vector<int,class std::allocator<int> > > > &,class std::vector<class std::vector<int,class std::allocator<int> >,class std::allocator<class std::vector<int,class std::allocator<int> > > > &)" (?fft_polymul_2d@@YA?AV?$vector@V?$vector@HV?$allocator@H@std@@@std@@V?$allocator@V?$vector@HV?$allocator@H@std@@@std@@@2@@std@@AEAV12@0@Z)
minkowski_sum.obj : error LNK2019: unresolved external symbol __imp_fftw_destroy_plan referenced in function "class std::vector<int,class std::allocator<int> > __cdecl fft_polymul(class std::vector<int,class std::allocator<int> > const &,class std::vector<int,class std::allocator<int> > const &)" (?fft_polymul@@YA?AV?$vector@HV?$allocator@H@std@@@std@@AEBV12@0@Z)
minkowski_sum.obj : error LNK2019: unresolved external symbol __imp_fftw_malloc referenced in function "class std::vector<int,class std::allocator<int> > __cdecl fft_polymul(class std::vector<int,class std::allocator<int> > const &,class std::vector<int,class std::allocator<int> > const &)" (?fft_polymul@@YA?AV?$vector@HV?$allocator@H@std@@@std@@AEBV12@0@Z)
C:\Users\user\Documents\studies\вкр\code\cpp_implementations\x64\Debug\cpp_implementations.exe : fatal error LNK1120: 5 unresolved externals
